nohup: ignoring input
[2025-04-29 01:47:13 -0600] [1835140] [INFO] Starting gunicorn 23.0.0
[2025-04-29 01:47:13 -0600] [1835140] [INFO] Listening at: http://127.0.0.1:8002 (1835140)
[2025-04-29 01:47:13 -0600] [1835140] [INFO] Using worker: uvicorn.workers.UvicornWorker
[2025-04-29 01:47:13 -0600] [1835141] [INFO] Booting worker with pid: 1835141
[2025-04-29 01:47:14 -0600] [1835141] [INFO] Started server process [1835141]
[2025-04-29 01:47:14 -0600] [1835141] [INFO] Waiting for application startup.
[2025-04-29 01:47:14 -0600] [1835141] [INFO] Application startup complete.
[2025-04-29 01:50:27 -0600] [1835140] [INFO] Handling signal: hup
[2025-04-29 01:50:27 -0600] [1835140] [INFO] Hang up: Master
[2025-04-29 01:50:27 -0600] [1835140] [ERROR] Worker (pid:1835141) was sent SIGHUP!
[2025-04-29 01:50:27 -0600] [1835249] [INFO] Booting worker with pid: 1835249
[2025-04-29 01:50:28 -0600] [1835249] [INFO] Started server process [1835249]
[2025-04-29 01:50:28 -0600] [1835249] [INFO] Waiting for application startup.
[2025-04-29 01:50:28 -0600] [1835249] [INFO] Application startup complete.
[2025-04-29 04:26:47 -0600] [1835140] [INFO] Handling signal: term
[2025-04-29 04:26:47 -0600] [1835249] [INFO] Shutting down
[2025-04-29 04:26:47 -0600] [1835249] [INFO] Error while closing socket [Errno 9] Bad file descriptor
[2025-04-29 04:26:47 -0600] [1835249] [INFO] Waiting for application shutdown.
[2025-04-29 04:26:47 -0600] [1835249] [INFO] Application shutdown complete.
[2025-04-29 04:26:47 -0600] [1835249] [INFO] Finished server process [1835249]
[2025-04-29 04:26:47 -0600] [1835140] [ERROR] Worker (pid:1835249) was sent SIGTERM!
[2025-04-29 04:26:47 -0600] [1835140] [INFO] Shutting down: Master
